<?xml version="1.0" encoding="UTF-8"?>
<!-- Generated by org.testng.reporters.JUnitReportReporter -->
<testsuite hostname="DESKTOP-2A8MOMO" failures="0" tests="3" name="com.qa.tests.TestClass2" time="0.000" errors="0" timestamp="2020-06-21T17:36:06 IST" skipped="0">
  <testcase classname="com.qa.tests.TestClass2" name="TestClass2add" time="0.000"/>
  <system-out/>
  <testcase classname="com.qa.tests.TestClass2" name="TestClass2mul" time="0.000"/>
  <system-out/>
  <testcase classname="com.qa.tests.TestClass2" name="TestClass2sub" time="0.000"/>
  <system-out/>
</testsuite> <!-- com.qa.tests.TestClass2 -->
