<?xml version="1.0" encoding="UTF-8"?>
<!-- Generated by org.testng.reporters.JUnitReportReporter -->
<testsuite hostname="DESKTOP-2A8MOMO" failures="0" tests="3" name="com.qa.tests.TestClass1" time="0.000" errors="0" timestamp="2020-06-21T17:36:06 IST" skipped="0">
  <testcase classname="com.qa.tests.TestClass1" name="TestClass1add" time="0.000"/>
  <system-out/>
  <testcase classname="com.qa.tests.TestClass1" name="TestClass1sub" time="0.000"/>
  <system-out/>
  <testcase classname="com.qa.tests.TestClass1" name="TestClass1mul" time="0.000"/>
  <system-out/>
</testsuite> <!-- com.qa.tests.TestClass1 -->
